0 info it worked if it ends with ok
1 verbose cli [ '/Users/Chanse/.nvm/versions/node/v5.8.0/bin/node',
1 verbose cli   '/Users/Chanse/.nvm/versions/node/v5.8.0/bin/npm',
1 verbose cli   'start' ]
2 info using npm@3.9.3
3 info using node@v5.8.0
4 verbose stack Error: missing script: start
4 verbose stack     at run (/Users/Chanse/.nvm/versions/node/v5.8.0/lib/node_modules/npm/lib/run-script.js:150:19)
4 verbose stack     at /Users/Chanse/.nvm/versions/node/v5.8.0/lib/node_modules/npm/lib/run-script.js:60:5
4 verbose stack     at /Users/Chanse/.nvm/versions/node/v5.8.0/lib/node_modules/npm/node_modules/read-package-json/read-json.js:356:5
4 verbose stack     at checkBinReferences_ (/Users/Chanse/.nvm/versions/node/v5.8.0/lib/node_modules/npm/node_modules/read-package-json/read-json.js:320:45)
4 verbose stack     at final (/Users/Chanse/.nvm/versions/node/v5.8.0/lib/node_modules/npm/node_modules/read-package-json/read-json.js:354:3)
4 verbose stack     at then (/Users/Chanse/.nvm/versions/node/v5.8.0/lib/node_modules/npm/node_modules/read-package-json/read-json.js:124:5)
4 verbose stack     at /Users/Chanse/.nvm/versions/node/v5.8.0/lib/node_modules/npm/node_modules/read-package-json/read-json.js:311:12
4 verbose stack     at /Users/Chanse/.nvm/versions/node/v5.8.0/lib/node_modules/npm/node_modules/graceful-fs/graceful-fs.js:78:16
4 verbose stack     at tryToString (fs.js:414:3)
4 verbose stack     at FSReqWrap.readFileAfterClose [as oncomplete] (fs.js:401:12)
5 verbose cwd /Users/Chanse/Desktop/development/wdi-project-4
6 error Darwin 15.0.0
7 error argv "/Users/Chanse/.nvm/versions/node/v5.8.0/bin/node" "/Users/Chanse/.nvm/versions/node/v5.8.0/bin/npm" "start"
8 error node v5.8.0
9 error npm  v3.9.3
10 error missing script: start
11 error If you need help, you may report this error at:
11 error     <https://github.com/npm/npm/issues>
12 verbose exit [ 1, true ]
